[debug] [2018-10-01T06:52:51.138Z] ----------------------------------------------------------------------
[debug] [2018-10-01T06:52:51.186Z] Command:       C:\Program Files\nodejs\node.exe C:\Users\user\AppData\Roaming\npm\node_modules\firebase-tools\bin\firebase deploy
[debug] [2018-10-01T06:52:51.186Z] CLI Version:   4.2.1
[debug] [2018-10-01T06:52:51.186Z] Platform:      win32
[debug] [2018-10-01T06:52:51.186Z] Node Version:  v8.11.3
[debug] [2018-10-01T06:52:51.198Z] Time:          Mon Oct 01 2018 09:52:51 GMT+0300 (E. Africa Standard Time)
[debug] [2018-10-01T06:52:51.198Z] ----------------------------------------------------------------------
[debug] 
[debug] [2018-10-01T06:52:51.445Z] > command requires scopes: ["email","openid","https://www.googleapis.com/auth/cloudplatformprojects.readonly","https://www.googleapis.com/auth/firebase","https://www.googleapis.com/auth/cloud-platform"]
[debug] [2018-10-01T06:52:51.449Z] > authorizing via signed-in user
[debug] [2018-10-01T06:52:51.465Z] > refreshing access token with scopes: ["email","https://www.googleapis.com/auth/cloud-platform","https://www.googleapis.com/auth/cloudplatformprojects.readonly","https://www.googleapis.com/auth/firebase","openid"]
[debug] [2018-10-01T06:52:51.469Z] >>> HTTP REQUEST POST https://www.googleapis.com/oauth2/v3/token  

[debug] [2018-10-01T06:52:53.965Z] <<< HTTP RESPONSE 200
[debug] [2018-10-01T06:52:54.057Z] >>> HTTP REQUEST GET https://admin.firebase.com/v1/projects/dsc-ttu  
 
[debug] [2018-10-01T06:52:58.331Z] <<< HTTP RESPONSE 200
[info] 
[info] === Deploying to 'dsc-ttu'...
[info] 
[info] i  deploying database, storage, hosting
[info] i  database: checking rules syntax...
[debug] [2018-10-01T06:52:58.591Z] >>> HTTP REQUEST PUT https://dsc-ttu.firebaseio.com/.settings/rules.json?dryRun=true  
 {
  "rules": {
    ".read": "auth != null",
    ".write": "auth != null"
  }
}
[debug] [2018-10-01T06:53:00.763Z] <<< HTTP RESPONSE 200
[info] +  database: rules syntax for database dsc-ttu is valid
[debug] [2018-10-01T06:53:00.783Z] >>> HTTP REQUEST GET https://appengine.googleapis.com/v1/apps/dsc-ttu  
 
[debug] [2018-10-01T06:53:04.433Z] <<< HTTP RESPONSE 200
[info] i  storage: checking storage.rules for compilation errors...
[debug] [2018-10-01T06:53:04.529Z] >>> HTTP REQUEST POST https://firebaserules.googleapis.com/v1/projects/dsc-ttu:test  

[debug] [2018-10-01T06:53:07.447Z] <<< HTTP RESPONSE 200
[info] +  storage: rules file storage.rules compiled successfully
[debug] [2018-10-01T06:53:07.479Z] >>> HTTP REQUEST POST https://firebasehosting.googleapis.com/v1beta1/sites/dsc-ttu/versions  

[debug] [2018-10-01T06:53:12.520Z] <<< HTTP RESPONSE 200
[info] i  storage: uploading rules storage.rules...
[debug] [2018-10-01T06:53:12.528Z] >>> HTTP REQUEST POST https://firebaserules.googleapis.com/v1/projects/dsc-ttu/rulesets  

